<?xml version="1.0" encoding="UTF-8"?>
<!-- Generated by org.testng.reporters.JUnitReportReporter -->
<testsuite skipped="0" hostname="Gundeepsingh-PC" name="com.testngpkg.TestNGbasics" tests="2" failures="0" timestamp="15 Apr 2019 18:56:26 GMT" time="0.027" errors="0">
  <testcase name="search" time="0.008" classname="com.testngpkg.TestNGbasics"/>
  <testcase name="googletitletest" time="0.019" classname="com.testngpkg.TestNGbasics"/>
</testsuite> <!-- com.testngpkg.TestNGbasics -->
